<?xml version="1.0" encoding="UTF-8"?>
<coverage generated="1602927415249" clover="3.2.0">
  <project timestamp="1602927415250" name="All files">
    <metrics statements="63" coveredstatements="59" conditionals="56" coveredconditionals="52" methods="9" coveredmethods="9" elements="128" coveredelements="120" complexity="0" loc="63" ncloc="63" packages="1" files="3" classes="3"/>
    <file name="find.ts" path="D:\git\n-ary\src\find.ts">
      <metrics statements="19" coveredstatements="17" conditionals="18" coveredconditionals="16" methods="2" coveredmethods="2"/>
      <line num="14" count="1" type="stmt"/>
      <line num="17" count="4" type="cond" truecount="6" falsecount="0"/>
      <line num="19" count="4" type="stmt"/>
      <line num="20" count="4" type="stmt"/>
      <line num="22" count="4" type="cond" truecount="1" falsecount="1"/>
      <line num="23" count="0" type="stmt"/>
      <line num="27" count="14" type="cond" truecount="1" falsecount="1"/>
      <line num="28" count="0" type="stmt"/>
      <line num="31" count="14" type="stmt"/>
      <line num="32" count="14" type="stmt"/>
      <line num="33" count="14" type="cond" truecount="2" falsecount="0"/>
      <line num="34" count="2" type="stmt"/>
      <line num="35" count="2" type="stmt"/>
      <line num="40" count="14" type="cond" truecount="2" falsecount="0"/>
      <line num="41" count="3" type="stmt"/>
      <line num="44" count="11" type="cond" truecount="4" falsecount="0"/>
      <line num="45" count="8" type="stmt"/>
      <line num="48" count="4" type="stmt"/>
      <line num="49" count="4" type="stmt"/>
    </file>
    <file name="index.ts" path="D:\git\n-ary\src\index.ts">
      <metrics statements="3" coveredstatements="3" conditionals="0" coveredconditionals="0" methods="0" coveredmethods="0"/>
      <line num="1" count="1" type="stmt"/>
      <line num="2" count="1" type="stmt"/>
      <line num="3" count="1" type="stmt"/>
    </file>
    <file name="traversal.ts" path="D:\git\n-ary\src\traversal.ts">
      <metrics statements="41" coveredstatements="39" conditionals="38" coveredconditionals="36" methods="7" coveredmethods="7"/>
      <line num="2" count="2" type="stmt"/>
      <line num="4" count="2" type="stmt"/>
      <line num="6" count="3" type="cond" truecount="6" falsecount="0"/>
      <line num="8" count="3" type="stmt"/>
      <line num="9" count="3" type="cond" truecount="2" falsecount="0"/>
      <line num="10" count="1" type="stmt"/>
      <line num="13" count="2" type="stmt"/>
      <line num="14" count="2" type="stmt"/>
      <line num="15" count="6" type="stmt"/>
      <line num="16" count="6" type="stmt"/>
      <line num="17" count="6" type="stmt"/>
      <line num="18" count="12" type="stmt"/>
      <line num="19" count="12" type="stmt"/>
      <line num="21" count="12" type="stmt"/>
      <line num="22" count="12" type="cond" truecount="2" falsecount="0"/>
      <line num="23" count="4" type="stmt"/>
      <line num="27" count="2" type="stmt"/>
      <line num="30" count="2" type="stmt"/>
      <line num="32" count="4" type="cond" truecount="6" falsecount="0"/>
      <line num="34" count="4" type="stmt"/>
      <line num="35" count="4" type="cond" truecount="2" falsecount="0"/>
      <line num="36" count="2" type="stmt"/>
      <line num="40" count="12" type="cond" truecount="1" falsecount="1"/>
      <line num="41" count="0" type="stmt"/>
      <line num="43" count="12" type="stmt"/>
      <line num="44" count="12" type="cond" truecount="4" falsecount="0"/>
      <line num="45" count="10" type="stmt"/>
      <line num="48" count="2" type="stmt"/>
      <line num="49" count="2" type="stmt"/>
      <line num="52" count="2" type="stmt"/>
      <line num="54" count="4" type="cond" truecount="6" falsecount="0"/>
      <line num="56" count="4" type="stmt"/>
      <line num="57" count="4" type="cond" truecount="2" falsecount="0"/>
      <line num="58" count="2" type="stmt"/>
      <line num="62" count="12" type="cond" truecount="1" falsecount="1"/>
      <line num="63" count="0" type="stmt"/>
      <line num="65" count="12" type="cond" truecount="4" falsecount="0"/>
      <line num="66" count="10" type="stmt"/>
      <line num="68" count="12" type="stmt"/>
      <line num="70" count="2" type="stmt"/>
      <line num="71" count="2" type="stmt"/>
    </file>
  </project>
</coverage>
