{"D:\\git\\n-ary\\src\\find.ts": {"path":"D:\\git\\n-ary\\src\\find.ts","statementMap":{"0":{"start":{"line":17,"column":2},"end":{"line":17,"column":null}},"1":{"start":{"line":17,"column":4},"end":{"line":17,"column":9}},"2":{"start":{"line":17,"column":9},"end":{"line":17,"column":21}},"3":{"start":{"line":17,"column":21},"end":{"line":17,"column":29}},"4":{"start":{"line":17,"column":29},"end":{"line":17,"column":66}},"5":{"start":{"line":19,"column":22},"end":{"line":19,"column":24}},"6":{"start":{"line":20,"column":21},"end":{"line":20,"column":23}},"7":{"start":{"line":22,"column":2},"end":{"line":24,"column":null}},"8":{"start":{"line":23,"column":4},"end":{"line":23,"column":null}},"9":{"start":{"line":27,"column":4},"end":{"line":29,"column":null}},"10":{"start":{"line":28,"column":6},"end":{"line":28,"column":12}},"11":{"start":{"line":31,"column":12},"end":{"line":31,"column":26}},"12":{"start":{"line":32,"column":4},"end":{"line":37,"column":null}},"13":{"start":{"line":33,"column":6},"end":{"line":36,"column":null}},"14":{"start":{"line":34,"column":8},"end":{"line":34,"column":null}},"15":{"start":{"line":35,"column":8},"end":{"line":35,"column":null}},"16":{"start":{"line":40,"column":4},"end":{"line":42,"column":null}},"17":{"start":{"line":41,"column":6},"end":{"line":41,"column":12}},"18":{"start":{"line":44,"column":4},"end":{"line":46,"column":null}},"19":{"start":{"line":45,"column":8},"end":{"line":45,"column":null}},"20":{"start":{"line":48,"column":2},"end":{"line":48,"column":null}},"21":{"start":{"line":49,"column":2},"end":{"line":49,"column":null}},"22":{"start":{"line":14,"column":0},"end":{"line":14,"column":16}}},"fnMap":{"0":{"name":"findNodes","decl":{"start":{"line":14,"column":16},"end":{"line":14,"column":25}},"loc":{"start":{"line":17,"column":68},"end":{"line":50,"column":1}}},"1":{"name":"dfs","decl":{"start":{"line":26,"column":11},"end":{"line":26,"column":14}},"loc":{"start":{"line":26,"column":34},"end":{"line":47,"column":3}}}},"branchMap":{"0":{"loc":{"start":{"line":17,"column":66},"end":{"line":17,"column":68}},"type":"cond-expr","locations":[{"start":{"line":17,"column":66},"end":{"line":17,"column":68}},{"start":{"line":17,"column":68},"end":{"line":17,"column":null}}]},"1":{"loc":{"start":{"line":17,"column":12},"end":{"line":17,"column":19}},"type":"cond-expr","locations":[{"start":{"line":17,"column":12},"end":{"line":17,"column":19}},{"start":{"line":17,"column":19},"end":{"line":17,"column":21}}]},"2":{"loc":{"start":{"line":17,"column":32},"end":{"line":17,"column":42}},"type":"cond-expr","locations":[{"start":{"line":17,"column":32},"end":{"line":17,"column":42}},{"start":{"line":17,"column":42},"end":{"line":17,"column":66}}]},"3":{"loc":{"start":{"line":22,"column":2},"end":{"line":24,"column":null}},"type":"if","locations":[{"start":{"line":22,"column":2},"end":{"line":24,"column":null}},{"start":{"line":22,"column":2},"end":{"line":24,"column":null}}]},"4":{"loc":{"start":{"line":27,"column":4},"end":{"line":29,"column":null}},"type":"if","locations":[{"start":{"line":27,"column":4},"end":{"line":29,"column":null}},{"start":{"line":27,"column":4},"end":{"line":29,"column":null}}]},"5":{"loc":{"start":{"line":33,"column":6},"end":{"line":36,"column":null}},"type":"if","locations":[{"start":{"line":33,"column":6},"end":{"line":36,"column":null}},{"start":{"line":33,"column":6},"end":{"line":36,"column":null}}]},"6":{"loc":{"start":{"line":40,"column":4},"end":{"line":42,"column":null}},"type":"if","locations":[{"start":{"line":40,"column":4},"end":{"line":42,"column":null}},{"start":{"line":40,"column":4},"end":{"line":42,"column":null}}]},"7":{"loc":{"start":{"line":44,"column":4},"end":{"line":46,"column":null}},"type":"if","locations":[{"start":{"line":44,"column":4},"end":{"line":46,"column":null}},{"start":{"line":44,"column":4},"end":{"line":46,"column":null}}]},"8":{"loc":{"start":{"line":44,"column":8},"end":{"line":44,"column":37}},"type":"binary-expr","locations":[{"start":{"line":44,"column":8},"end":{"line":44,"column":37}},{"start":{"line":44,"column":42},"end":{"line":44,"column":75}}]}},"s":{"0":4,"1":4,"2":4,"3":4,"4":4,"5":4,"6":4,"7":4,"8":0,"9":14,"10":0,"11":14,"12":14,"13":14,"14":2,"15":2,"16":14,"17":3,"18":11,"19":8,"20":4,"21":4,"22":1},"f":{"0":4,"1":14},"b":{"0":[2,2],"1":[2,2],"2":[2,2],"3":[0,4],"4":[0,14],"5":[2,12],"6":[3,11],"7":[8,3],"8":[11,8]}}
,"D:\\git\\n-ary\\src\\index.ts": {"path":"D:\\git\\n-ary\\src\\index.ts","statementMap":{"0":{"start":{"line":1,"column":0},"end":{"line":1,"column":23}},"1":{"start":{"line":2,"column":0},"end":{"line":2,"column":22}},"2":{"start":{"line":3,"column":0},"end":{"line":3,"column":27}}},"fnMap":{},"branchMap":{},"s":{"0":1,"1":1,"2":1},"f":{},"b":{}}
,"D:\\git\\n-ary\\src\\traversal.ts": {"path":"D:\\git\\n-ary\\src\\traversal.ts","statementMap":{"0":{"start":{"line":2,"column":0},"end":{"line":2,"column":36}},"1":{"start":{"line":6,"column":2},"end":{"line":6,"column":null}},"2":{"start":{"line":6,"column":4},"end":{"line":6,"column":9}},"3":{"start":{"line":6,"column":9},"end":{"line":6,"column":21}},"4":{"start":{"line":6,"column":21},"end":{"line":6,"column":29}},"5":{"start":{"line":6,"column":29},"end":{"line":6,"column":66}},"6":{"start":{"line":8,"column":21},"end":{"line":8,"column":23}},"7":{"start":{"line":9,"column":2},"end":{"line":11,"column":null}},"8":{"start":{"line":10,"column":4},"end":{"line":10,"column":null}},"9":{"start":{"line":13,"column":21},"end":{"line":13,"column":27}},"10":{"start":{"line":14,"column":2},"end":{"line":26,"column":null}},"11":{"start":{"line":15,"column":22},"end":{"line":15,"column":34}},"12":{"start":{"line":16,"column":4},"end":{"line":16,"column":null}},"13":{"start":{"line":17,"column":4},"end":{"line":25,"column":null}},"14":{"start":{"line":17,"column":17},"end":{"line":17,"column":18}},"15":{"start":{"line":18,"column":22},"end":{"line":18,"column":36}},"16":{"start":{"line":19,"column":6},"end":{"line":19,"column":null}},"17":{"start":{"line":21,"column":24},"end":{"line":21,"column":41}},"18":{"start":{"line":22,"column":6},"end":{"line":24,"column":null}},"19":{"start":{"line":23,"column":8},"end":{"line":23,"column":41}},"20":{"start":{"line":27,"column":2},"end":{"line":27,"column":null}},"21":{"start":{"line":4,"column":0},"end":{"line":4,"column":16}},"22":{"start":{"line":32,"column":2},"end":{"line":32,"column":null}},"23":{"start":{"line":32,"column":4},"end":{"line":32,"column":9}},"24":{"start":{"line":32,"column":9},"end":{"line":32,"column":21}},"25":{"start":{"line":32,"column":21},"end":{"line":32,"column":29}},"26":{"start":{"line":32,"column":29},"end":{"line":32,"column":66}},"27":{"start":{"line":34,"column":19},"end":{"line":34,"column":21}},"28":{"start":{"line":35,"column":2},"end":{"line":37,"column":null}},"29":{"start":{"line":36,"column":4},"end":{"line":36,"column":null}},"30":{"start":{"line":40,"column":4},"end":{"line":42,"column":null}},"31":{"start":{"line":41,"column":6},"end":{"line":41,"column":12}},"32":{"start":{"line":43,"column":4},"end":{"line":43,"column":null}},"33":{"start":{"line":44,"column":4},"end":{"line":46,"column":null}},"34":{"start":{"line":45,"column":8},"end":{"line":45,"column":null}},"35":{"start":{"line":45,"column":53},"end":{"line":45,"column":69}},"36":{"start":{"line":48,"column":2},"end":{"line":48,"column":null}},"37":{"start":{"line":49,"column":2},"end":{"line":49,"column":null}},"38":{"start":{"line":30,"column":0},"end":{"line":30,"column":16}},"39":{"start":{"line":54,"column":2},"end":{"line":54,"column":null}},"40":{"start":{"line":54,"column":4},"end":{"line":54,"column":9}},"41":{"start":{"line":54,"column":9},"end":{"line":54,"column":21}},"42":{"start":{"line":54,"column":21},"end":{"line":54,"column":29}},"43":{"start":{"line":54,"column":29},"end":{"line":54,"column":66}},"44":{"start":{"line":56,"column":19},"end":{"line":56,"column":21}},"45":{"start":{"line":57,"column":2},"end":{"line":59,"column":null}},"46":{"start":{"line":58,"column":4},"end":{"line":58,"column":null}},"47":{"start":{"line":62,"column":4},"end":{"line":64,"column":null}},"48":{"start":{"line":63,"column":6},"end":{"line":63,"column":12}},"49":{"start":{"line":65,"column":4},"end":{"line":67,"column":null}},"50":{"start":{"line":66,"column":8},"end":{"line":66,"column":null}},"51":{"start":{"line":66,"column":53},"end":{"line":66,"column":69}},"52":{"start":{"line":68,"column":4},"end":{"line":68,"column":null}},"53":{"start":{"line":70,"column":2},"end":{"line":70,"column":null}},"54":{"start":{"line":71,"column":2},"end":{"line":71,"column":null}},"55":{"start":{"line":52,"column":0},"end":{"line":52,"column":16}}},"fnMap":{"0":{"name":"levelOrder","decl":{"start":{"line":4,"column":16},"end":{"line":4,"column":26}},"loc":{"start":{"line":6,"column":68},"end":{"line":28,"column":1}}},"1":{"name":"preOrder","decl":{"start":{"line":30,"column":16},"end":{"line":30,"column":24}},"loc":{"start":{"line":32,"column":68},"end":{"line":50,"column":1}}},"2":{"name":"dfs","decl":{"start":{"line":39,"column":11},"end":{"line":39,"column":14}},"loc":{"start":{"line":39,"column":44},"end":{"line":47,"column":3}}},"3":{"name":"(anonymous_3)","decl":{"start":{"line":45,"column":39},"end":{"line":45,"column":40}},"loc":{"start":{"line":45,"column":48},"end":{"line":45,"column":56}}},"4":{"name":"postOrder","decl":{"start":{"line":52,"column":16},"end":{"line":52,"column":25}},"loc":{"start":{"line":54,"column":68},"end":{"line":72,"column":1}}},"5":{"name":"dfs","decl":{"start":{"line":61,"column":11},"end":{"line":61,"column":14}},"loc":{"start":{"line":61,"column":44},"end":{"line":69,"column":3}}},"6":{"name":"(anonymous_6)","decl":{"start":{"line":66,"column":39},"end":{"line":66,"column":40}},"loc":{"start":{"line":66,"column":48},"end":{"line":66,"column":56}}}},"branchMap":{"0":{"loc":{"start":{"line":6,"column":66},"end":{"line":6,"column":68}},"type":"cond-expr","locations":[{"start":{"line":6,"column":66},"end":{"line":6,"column":68}},{"start":{"line":6,"column":68},"end":{"line":6,"column":null}}]},"1":{"loc":{"start":{"line":6,"column":12},"end":{"line":6,"column":19}},"type":"cond-expr","locations":[{"start":{"line":6,"column":12},"end":{"line":6,"column":19}},{"start":{"line":6,"column":19},"end":{"line":6,"column":21}}]},"2":{"loc":{"start":{"line":6,"column":32},"end":{"line":6,"column":42}},"type":"cond-expr","locations":[{"start":{"line":6,"column":32},"end":{"line":6,"column":42}},{"start":{"line":6,"column":42},"end":{"line":6,"column":66}}]},"3":{"loc":{"start":{"line":9,"column":2},"end":{"line":11,"column":null}},"type":"if","locations":[{"start":{"line":9,"column":2},"end":{"line":11,"column":null}},{"start":{"line":9,"column":2},"end":{"line":11,"column":null}}]},"4":{"loc":{"start":{"line":22,"column":6},"end":{"line":24,"column":null}},"type":"if","locations":[{"start":{"line":22,"column":6},"end":{"line":24,"column":null}},{"start":{"line":22,"column":6},"end":{"line":24,"column":null}}]},"5":{"loc":{"start":{"line":32,"column":66},"end":{"line":32,"column":68}},"type":"cond-expr","locations":[{"start":{"line":32,"column":66},"end":{"line":32,"column":68}},{"start":{"line":32,"column":68},"end":{"line":32,"column":null}}]},"6":{"loc":{"start":{"line":32,"column":12},"end":{"line":32,"column":19}},"type":"cond-expr","locations":[{"start":{"line":32,"column":12},"end":{"line":32,"column":19}},{"start":{"line":32,"column":19},"end":{"line":32,"column":21}}]},"7":{"loc":{"start":{"line":32,"column":32},"end":{"line":32,"column":42}},"type":"cond-expr","locations":[{"start":{"line":32,"column":32},"end":{"line":32,"column":42}},{"start":{"line":32,"column":42},"end":{"line":32,"column":66}}]},"8":{"loc":{"start":{"line":35,"column":2},"end":{"line":37,"column":null}},"type":"if","locations":[{"start":{"line":35,"column":2},"end":{"line":37,"column":null}},{"start":{"line":35,"column":2},"end":{"line":37,"column":null}}]},"9":{"loc":{"start":{"line":40,"column":4},"end":{"line":42,"column":null}},"type":"if","locations":[{"start":{"line":40,"column":4},"end":{"line":42,"column":null}},{"start":{"line":40,"column":4},"end":{"line":42,"column":null}}]},"10":{"loc":{"start":{"line":44,"column":4},"end":{"line":46,"column":null}},"type":"if","locations":[{"start":{"line":44,"column":4},"end":{"line":46,"column":null}},{"start":{"line":44,"column":4},"end":{"line":46,"column":null}}]},"11":{"loc":{"start":{"line":44,"column":8},"end":{"line":44,"column":37}},"type":"binary-expr","locations":[{"start":{"line":44,"column":8},"end":{"line":44,"column":37}},{"start":{"line":44,"column":42},"end":{"line":44,"column":75}}]},"12":{"loc":{"start":{"line":54,"column":66},"end":{"line":54,"column":68}},"type":"cond-expr","locations":[{"start":{"line":54,"column":66},"end":{"line":54,"column":68}},{"start":{"line":54,"column":68},"end":{"line":54,"column":null}}]},"13":{"loc":{"start":{"line":54,"column":12},"end":{"line":54,"column":19}},"type":"cond-expr","locations":[{"start":{"line":54,"column":12},"end":{"line":54,"column":19}},{"start":{"line":54,"column":19},"end":{"line":54,"column":21}}]},"14":{"loc":{"start":{"line":54,"column":32},"end":{"line":54,"column":42}},"type":"cond-expr","locations":[{"start":{"line":54,"column":32},"end":{"line":54,"column":42}},{"start":{"line":54,"column":42},"end":{"line":54,"column":66}}]},"15":{"loc":{"start":{"line":57,"column":2},"end":{"line":59,"column":null}},"type":"if","locations":[{"start":{"line":57,"column":2},"end":{"line":59,"column":null}},{"start":{"line":57,"column":2},"end":{"line":59,"column":null}}]},"16":{"loc":{"start":{"line":62,"column":4},"end":{"line":64,"column":null}},"type":"if","locations":[{"start":{"line":62,"column":4},"end":{"line":64,"column":null}},{"start":{"line":62,"column":4},"end":{"line":64,"column":null}}]},"17":{"loc":{"start":{"line":65,"column":4},"end":{"line":67,"column":null}},"type":"if","locations":[{"start":{"line":65,"column":4},"end":{"line":67,"column":null}},{"start":{"line":65,"column":4},"end":{"line":67,"column":null}}]},"18":{"loc":{"start":{"line":65,"column":8},"end":{"line":65,"column":37}},"type":"binary-expr","locations":[{"start":{"line":65,"column":8},"end":{"line":65,"column":37}},{"start":{"line":65,"column":42},"end":{"line":65,"column":75}}]}},"s":{"0":2,"1":3,"2":3,"3":3,"4":3,"5":3,"6":3,"7":3,"8":1,"9":2,"10":2,"11":6,"12":6,"13":6,"14":6,"15":12,"16":12,"17":12,"18":12,"19":4,"20":2,"21":2,"22":4,"23":4,"24":4,"25":4,"26":4,"27":4,"28":4,"29":2,"30":12,"31":0,"32":12,"33":12,"34":4,"35":10,"36":2,"37":2,"38":2,"39":4,"40":4,"41":4,"42":4,"43":4,"44":4,"45":4,"46":2,"47":12,"48":0,"49":12,"50":4,"51":10,"52":12,"53":2,"54":2,"55":2},"f":{"0":3,"1":4,"2":12,"3":10,"4":4,"5":12,"6":10},"b":{"0":[2,1],"1":[2,1],"2":[2,1],"3":[1,2],"4":[4,8],"5":[3,1],"6":[3,1],"7":[3,1],"8":[2,2],"9":[0,12],"10":[4,8],"11":[12,4],"12":[3,1],"13":[3,1],"14":[3,1],"15":[2,2],"16":[0,12],"17":[4,8],"18":[12,4]}}
}
