TN:
SF:src\find.ts
FN:14,findNodes
FN:26,dfs
FNF:2
FNH:2
FNDA:4,findNodes
FNDA:14,dfs
DA:14,1
DA:17,4
DA:19,4
DA:20,4
DA:22,4
DA:23,0
DA:27,14
DA:28,0
DA:31,14
DA:32,14
DA:33,14
DA:34,2
DA:35,2
DA:40,14
DA:41,3
DA:44,11
DA:45,8
DA:48,4
DA:49,4
LF:19
LH:17
BRDA:17,0,0,2
BRDA:17,0,1,2
BRDA:17,1,0,2
BRDA:17,1,1,2
BRDA:17,2,0,2
BRDA:17,2,1,2
BRDA:22,3,0,0
BRDA:22,3,1,4
BRDA:27,4,0,0
BRDA:27,4,1,14
BRDA:33,5,0,2
BRDA:33,5,1,12
BRDA:40,6,0,3
BRDA:40,6,1,11
BRDA:44,7,0,8
BRDA:44,7,1,3
BRDA:44,8,0,11
BRDA:44,8,1,8
BRF:18
BRH:16
end_of_record
TN:
SF:src\index.ts
FNF:0
FNH:0
DA:1,1
DA:2,1
DA:3,1
LF:3
LH:3
BRF:0
BRH:0
end_of_record
TN:
SF:src\traversal.ts
FN:4,levelOrder
FN:30,preOrder
FN:39,dfs
FN:45,(anonymous_3)
FN:52,postOrder
FN:61,dfs
FN:66,(anonymous_6)
FNF:7
FNH:7
FNDA:3,levelOrder
FNDA:4,preOrder
FNDA:12,dfs
FNDA:10,(anonymous_3)
FNDA:4,postOrder
FNDA:12,dfs
FNDA:10,(anonymous_6)
DA:2,2
DA:4,2
DA:6,3
DA:8,3
DA:9,3
DA:10,1
DA:13,2
DA:14,2
DA:15,6
DA:16,6
DA:17,6
DA:18,12
DA:19,12
DA:21,12
DA:22,12
DA:23,4
DA:27,2
DA:30,2
DA:32,4
DA:34,4
DA:35,4
DA:36,2
DA:40,12
DA:41,0
DA:43,12
DA:44,12
DA:45,10
DA:48,2
DA:49,2
DA:52,2
DA:54,4
DA:56,4
DA:57,4
DA:58,2
DA:62,12
DA:63,0
DA:65,12
DA:66,10
DA:68,12
DA:70,2
DA:71,2
LF:41
LH:39
BRDA:6,0,0,2
BRDA:6,0,1,1
BRDA:6,1,0,2
BRDA:6,1,1,1
BRDA:6,2,0,2
BRDA:6,2,1,1
BRDA:9,3,0,1
BRDA:9,3,1,2
BRDA:22,4,0,4
BRDA:22,4,1,8
BRDA:32,5,0,3
BRDA:32,5,1,1
BRDA:32,6,0,3
BRDA:32,6,1,1
BRDA:32,7,0,3
BRDA:32,7,1,1
BRDA:35,8,0,2
BRDA:35,8,1,2
BRDA:40,9,0,0
BRDA:40,9,1,12
BRDA:44,10,0,4
BRDA:44,10,1,8
BRDA:44,11,0,12
BRDA:44,11,1,4
BRDA:54,12,0,3
BRDA:54,12,1,1
BRDA:54,13,0,3
BRDA:54,13,1,1
BRDA:54,14,0,3
BRDA:54,14,1,1
BRDA:57,15,0,2
BRDA:57,15,1,2
BRDA:62,16,0,0
BRDA:62,16,1,12
BRDA:65,17,0,4
BRDA:65,17,1,8
BRDA:65,18,0,12
BRDA:65,18,1,4
BRF:38
BRH:36
end_of_record
